<?xml version="1.0" encoding="utf-8"?><testsuites name="pytest tests"><testsuite name="pytest" errors="0" failures="0" skipped="0" tests="17" time="3.667" timestamp="2026-05-19T09:03:56.511869+00:00" hostname="agent-env-99fb246d-2c38-4016-a39b-83ee6fd02b27"><testcase classname="backend.tests.test_applymate_au" name="test_root" time="0.273" /><testcase classname="backend.tests.test_applymate_au" name="test_auth_me_unauth" time="0.151" /><testcase classname="backend.tests.test_applymate_au" name="test_auth_me_with_token" time="0.126" /><testcase classname="backend.tests.test_applymate_au" name="test_upload_resume" time="0.207" /><testcase classname="backend.tests.test_applymate_au" name="test_list_resumes" time="0.112" /><testcase classname="backend.tests.test_applymate_au" name="test_max_5_resumes" time="0.132" /><testcase classname="backend.tests.test_applymate_au" name="test_jobs_fetch" time="0.583" /><testcase classname="backend.tests.test_applymate_au" name="test_jobs_list" time="0.133" /><testcase classname="backend.tests.test_applymate_au" name="test_jobs_filter_graduate" time="0.138" /><testcase classname="backend.tests.test_applymate_au" name="test_match" time="0.288" /><testcase classname="backend.tests.test_applymate_au" name="test_cover_letter" time="0.134" /><testcase classname="backend.tests.test_applymate_au" name="test_create_application" time="0.128" /><testcase classname="backend.tests.test_applymate_au" name="test_list_applications" time="0.127" /><testcase classname="backend.tests.test_applymate_au" name="test_patch_application" time="0.121" /><testcase classname="backend.tests.test_applymate_au" name="test_preferences_get_put" time="0.255" /><testcase classname="backend.tests.test_applymate_au" name="test_stats" time="0.132" /><testcase classname="backend.tests.test_applymate_au" name="test_delete_resume" time="0.126" /></testsuite></testsuites>